c:\users\320\documents\visual studio 2015\projects\qtexperimentapp\qtexperimentapp\x64\debug\main.obj
c:\users\320\documents\visual studio 2015\projects\qtexperimentapp\qtexperimentapp\x64\debug\datahandler.obj
c:\users\320\documents\visual studio 2015\projects\qtexperimentapp\qtexperimentapp\x64\debug\daqcontroller.obj
c:\users\320\documents\visual studio 2015\projects\qtexperimentapp\qtexperimentapp\x64\debug\qrc_qtexperimentapp.obj
c:\users\320\documents\visual studio 2015\projects\qtexperimentapp\qtexperimentapp\x64\debug\qtexperimentapp.obj
c:\users\320\documents\visual studio 2015\projects\qtexperimentapp\qtexperimentapp\x64\debug\vc140.pdb
c:\users\320\documents\visual studio 2015\projects\qtexperimentapp\qtexperimentapp\x64\debug\scribblearea.obj
c:\users\320\documents\visual studio 2015\projects\qtexperimentapp\qtexperimentapp\x64\debug\mainwindow.obj
c:\users\320\documents\visual studio 2015\projects\qtexperimentapp\qtexperimentapp\x64\debug\moc_scribblearea.obj
c:\users\320\documents\visual studio 2015\projects\qtexperimentapp\qtexperimentapp\x64\debug\moc_qtexperimentapp.obj
c:\users\320\documents\visual studio 2015\projects\qtexperimentapp\qtexperimentapp\x64\debug\moc_mainwindow.obj
c:\users\320\documents\visual studio 2015\projects\qtexperimentapp\x64\debug\qtexperimentapp.ilk
c:\users\320\documents\visual studio 2015\projects\qtexperimentapp\x64\debug\qtexperimentapp.exe
c:\users\320\documents\visual studio 2015\projects\qtexperimentapp\x64\debug\qtexperimentapp.pdb
c:\users\320\documents\visual studio 2015\projects\qtexperimentapp\qtexperimentapp\generatedfiles\debug\moc_qtexperimentapp.cpp
c:\users\320\documents\visual studio 2015\projects\qtexperimentapp\qtexperimentapp\generatedfiles\qrc_qtexperimentapp.cpp
c:\users\320\documents\visual studio 2015\projects\qtexperimentapp\qtexperimentapp\generatedfiles\ui_qtexperimentapp.h
c:\users\320\documents\visual studio 2015\projects\qtexperimentapp\qtexperimentapp\generatedfiles\debug\moc_scribblearea.cpp
c:\users\320\documents\visual studio 2015\projects\qtexperimentapp\qtexperimentapp\generatedfiles\debug\moc_mainwindow.cpp
c:\users\320\documents\visual studio 2015\projects\qtexperimentapp\qtexperimentapp\generatedfiles\ui_mainwindow.h
c:\users\320\documents\visual studio 2015\projects\qtexperimentapp\qtexperimentapp\generatedfiles\ui_scribblearea.h
c:\users\320\documents\visual studio 2015\projects\qtexperimentapp\qtexperimentapp\x64\debug\qtexperimentapp.tlog\cl.command.1.tlog
c:\users\320\documents\visual studio 2015\projects\qtexperimentapp\qtexperimentapp\x64\debug\qtexperimentapp.tlog\cl.read.1.tlog
c:\users\320\documents\visual studio 2015\projects\qtexperimentapp\qtexperimentapp\x64\debug\qtexperimentapp.tlog\cl.write.1.tlog
c:\users\320\documents\visual studio 2015\projects\qtexperimentapp\qtexperimentapp\x64\debug\qtexperimentapp.tlog\link.command.1.tlog
c:\users\320\documents\visual studio 2015\projects\qtexperimentapp\qtexperimentapp\x64\debug\qtexperimentapp.tlog\link.read.1.tlog
c:\users\320\documents\visual studio 2015\projects\qtexperimentapp\qtexperimentapp\x64\debug\qtexperimentapp.tlog\link.write.1.tlog
c:\users\320\documents\visual studio 2015\projects\qtexperimentapp\qtexperimentapp\x64\debug\qtexperimentapp.tlog\qtexperimentapp.write.1u.tlog
